[2026-07-13 18:40:08] production.ERROR: The C:\xampp\htdocs\guisedUp\backend\bootstrap\cache directory must be present and writable. {"exception":"[object] (Exception(code: 0): The C:\\xampp\\htdocs\\guisedUp\\backend\\bootstrap\\cache directory must be present and writable. at C:/xampp/htdocs/guisedUp/backend/vendor/laravel/framework/src/Illuminate/Foundation/PackageManifest.php:179)
[stacktrace]
#0 C:/xampp/htdocs/guisedUp/backend/vendor/laravel/framework/src/Illuminate/Foundation/PackageManifest.php(132): Illuminate/Foundation/PackageManifest->write(Array)
#1 C:/xampp/htdocs/guisedUp/backend/vendor/laravel/framework/src/Illuminate/Foundation/PackageManifest.php(108): Illuminate/Foundation/PackageManifest->build()
#2 C:/xampp/htdocs/guisedUp/backend/vendor/laravel/framework/src/Illuminate/Foundation/PackageManifest.php(90): Illuminate/Foundation/PackageManifest->getManifest()
#3 C:/xampp/htdocs/guisedUp/backend/vendor/laravel/framework/src/Illuminate/Foundation/PackageManifest.php(79): Illuminate/Foundation/PackageManifest->config('aliases')
#4 C:/xampp/htdocs/guisedUp/backend/vendor/laravel/framework/src/Illuminate/Foundation/Bootstrap/RegisterFacades.php(26): Illuminate/Foundation/PackageManifest->aliases()
#5 C:/xampp/htdocs/guisedUp/backend/vendor/laravel/framework/src/Illuminate/Foundation/Application.php(342): Illuminate/Foundation/Bootstrap/RegisterFacades->bootstrap(Object(Illuminate/Foundation/Application))
#6 C:/xampp/htdocs/guisedUp/backend/vendor/laravel/framework/src/Illuminate/Foundation/Console/Kernel.php(494): Illuminate/Foundation/Application->bootstrapWith(Array)
#7 C:/xampp/htdocs/guisedUp/backend/vendor/laravel/framework/src/Illuminate/Foundation/Console/Kernel.php(196): Illuminate/Foundation/Console/Kernel->bootstrap()
#8 C:/xampp/htdocs/guisedUp/backend/vendor/laravel/framework/src/Illuminate/Foundation/Application.php(1235): Illuminate/Foundation/Console/Kernel->handle(Object(Symfony/Component/Console/Input/ArgvInput), Object(Symfony/Component/Console/Output/ConsoleOutput))
#9 C:/xampp/htdocs/guisedUp/backend/artisan(11): Illuminate/Foundation/Application->handleCommand(Object(Symfony/Component/Console/Input/ArgvInput))
#10 {main}
"} 
[2026-07-13 19:01:21] local.ERROR: SQLSTATE[HY000] [1049] Unknown database 'guisedup' (Connection: mysql, Host: 127.0.0.1, Port: 3306, Database: guisedup, SQL: select exists (select 1 from information_schema.tables where table_schema = schema() and table_name = 'migrations' and table_type in ('BASE TABLE', 'SYSTEM VERSIONED')) as `exists`) {"exception":"[object] (Illuminate\\Database\\QueryException(code: 1049): SQLSTATE[HY000] [1049] Unknown database 'guisedup' (Connection: mysql, Host: 127.0.0.1, Port: 3306, Database: guisedup, SQL: select exists (select 1 from information_schema.tables where table_schema = schema() and table_name = 'migrations' and table_type in ('BASE TABLE', 'SYSTEM VERSIONED')) as `exists`) at C:/xampp/htdocs/guisedUp/backend/vendor/laravel/framework/src/Illuminate/Database/Connection.php:838)
[stacktrace]
#0 C:/xampp/htdocs/guisedUp/backend/vendor/laravel/framework/src/Illuminate/Database/Connection.php(794): Illuminate/Database/Connection->runQueryCallback('select exists (...', Array, Object(Closure))
#1 C:/xampp/htdocs/guisedUp/backend/vendor/laravel/framework/src/Illuminate/Database/Connection.php(411): Illuminate/Database/Connection->run('select exists (...', Array, Object(Closure))
#2 C:/xampp/htdocs/guisedUp/backend/vendor/laravel/framework/src/Illuminate/Database/Connection.php(357): Illuminate/Database/Connection->select('select exists (...', Array, true)
#3 C:/xampp/htdocs/guisedUp/backend/vendor/laravel/framework/src/Illuminate/Database/Connection.php(374): Illuminate/Database/Connection->selectOne('select exists (...', Array, true)
#4 C:/xampp/htdocs/guisedUp/backend/vendor/laravel/framework/src/Illuminate/Database/Schema/Builder.php(176): Illuminate/Database/Connection->scalar('select exists (...')
#5 C:/xampp/htdocs/guisedUp/backend/vendor/laravel/framework/src/Illuminate/Database/Migrations/DatabaseMigrationRepository.php(185): Illuminate/Database/Schema/Builder->hasTable('migrations')
#6 C:/xampp/htdocs/guisedUp/backend/vendor/laravel/framework/src/Illuminate/Database/Migrations/Migrator.php(758): Illuminate/Database/Migrations/DatabaseMigrationRepository->repositoryExists()
#7 C:/xampp/htdocs/guisedUp/backend/vendor/laravel/framework/src/Illuminate/Database/Console/Migrations/StatusCommand.php(55): Illuminate/Database/Migrations/Migrator->repositoryExists()
#8 C:/xampp/htdocs/guisedUp/backend/vendor/laravel/framework/src/Illuminate/Database/Migrations/Migrator.php(671): Illuminate/Database/Console/Migrations/StatusCommand->Illuminate/Database/Console/Migrations/{closure}()
#9 C:/xampp/htdocs/guisedUp/backend/vendor/laravel/framework/src/Illuminate/Database/Console/Migrations/StatusCommand.php(54): Illuminate/Database/Migrations/Migrator->usingConnection(NULL, Object(Closure))
#10 C:/xampp/htdocs/guisedUp/backend/vendor/laravel/framework/src/Illuminate/Container/BoundMethod.php(36): Illuminate/Database/Console/Migrations/StatusCommand->handle()
#11 C:/xampp/htdocs/guisedUp/backend/vendor/laravel/framework/src/Illuminate/Container/Util.php(43): Illuminate/Container/BoundMethod::Illuminate/Container/{closure}()
#12 C:/xampp/htdocs/guisedUp/backend/vendor/laravel/framework/src/Illuminate/Container/BoundMethod.php(96): Illuminate/Container/Util::unwrapIfClosure(Object(Closure))
#13 C:/xampp/htdocs/guisedUp/backend/vendor/laravel/framework/src/Illuminate/Container/BoundMethod.php(35): Illuminate/Container/BoundMethod::callBoundMethod(Object(Illuminate/Foundation/Application), Array, Object(Closure))
#14 C:/xampp/htdocs/guisedUp/backend/vendor/laravel/framework/src/Illuminate/Container/Container.php(799): Illuminate/Container/BoundMethod::call(Object(Illuminate/Foundation/Application), Array, Array, NULL)
#15 C:/xampp/htdocs/guisedUp/backend/vendor/laravel/framework/src/Illuminate/Console/Command.php(211): Illuminate/Container/Container->call(Array)
#16 C:/xampp/htdocs/guisedUp/backend/vendor/symfony/console/Command/Command.php(341): Illuminate/Console/Command->execute(Object(Symfony/Component/Console/Input/ArgvInput), Object(Illuminate/Console/OutputStyle))
#17 C:/xampp/htdocs/guisedUp/backend/vendor/laravel/framework/src/Illuminate/Console/Command.php(180): Symfony/Component/Console/Command/Command->run(Object(Symfony/Component/Console/Input/ArgvInput), Object(Illuminate/Console/OutputStyle))
#18 C:/xampp/htdocs/guisedUp/backend/vendor/symfony/console/Application.php(1117): Illuminate/Console/Command->run(Object(Symfony/Component/Console/Input/ArgvInput), Object(Symfony/Component/Console/Output/ConsoleOutput))
#19 C:/xampp/htdocs/guisedUp/backend/vendor/symfony/console/Application.php(356): Symfony/Component/Console/Application->doRunCommand(Object(Illuminate/Database/Console/Migrations/StatusCommand), Object(Symfony/Component/Console/Input/ArgvInput), Object(Symfony/Component/Console/Output/ConsoleOutput))
#20 C:/xampp/htdocs/guisedUp/backend/vendor/symfony/console/Application.php(195): Symfony/Component/Console/Application->doRun(Object(Symfony/Component/Console/Input/ArgvInput), Object(Symfony/Component/Console/Output/ConsoleOutput))
#21 C:/xampp/htdocs/guisedUp/backend/vendor/laravel/framework/src/Illuminate/Foundation/Console/Kernel.php(198): Symfony/Component/Console/Application->run(Object(Symfony/Component/Console/Input/ArgvInput), Object(Symfony/Component/Console/Output/ConsoleOutput))
#22 C:/xampp/htdocs/guisedUp/backend/vendor/laravel/framework/src/Illuminate/Foundation/Application.php(1235): Illuminate/Foundation/Console/Kernel->handle(Object(Symfony/Component/Console/Input/ArgvInput), Object(Symfony/Component/Console/Output/ConsoleOutput))
#23 C:/xampp/htdocs/guisedUp/backend/artisan(11): Illuminate/Foundation/Application->handleCommand(Object(Symfony/Component/Console/Input/ArgvInput))
#24 {main}

[previous exception] [object] (PDOException(code: 1049): SQLSTATE[HY000] [1049] Unknown database 'guisedup' at C:/xampp/htdocs/guisedUp/backend/vendor/laravel/framework/src/Illuminate/Database/Connectors/Connector.php:66)
[stacktrace]
#0 C:/xampp/htdocs/guisedUp/backend/vendor/laravel/framework/src/Illuminate/Database/Connectors/Connector.php(66): PDO->__construct('mysql:host=127....', 'root', Object(SensitiveParameterValue), Array)
#1 C:/xampp/htdocs/guisedUp/backend/vendor/laravel/framework/src/Illuminate/Database/Connectors/Connector.php(44): Illuminate/Database/Connectors/Connector->createPdoConnection('mysql:host=127....', 'root', Object(SensitiveParameterValue), Array)
#2 C:/xampp/htdocs/guisedUp/backend/vendor/laravel/framework/src/Illuminate/Database/Connectors/MySqlConnector.php(24): Illuminate/Database/Connectors/Connector->createConnection('mysql:host=127....', Array, Array)
#3 C:/xampp/htdocs/guisedUp/backend/vendor/laravel/framework/src/Illuminate/Database/Connectors/ConnectionFactory.php(186): Illuminate/Database/Connectors/MySqlConnector->connect(Array)
#4 [internal function]: Illuminate/Database/Connectors/ConnectionFactory->Illuminate/Database/Connectors/{closure}()
#5 C:/xampp/htdocs/guisedUp/backend/vendor/laravel/framework/src/Illuminate/Database/Connection.php(1257): call_user_func(Object(Closure))
#6 C:/xampp/htdocs/guisedUp/backend/vendor/laravel/framework/src/Illuminate/Database/Connection.php(1295): Illuminate/Database/Connection->getPdo()
#7 C:/xampp/htdocs/guisedUp/backend/vendor/laravel/framework/src/Illuminate/Database/Connection.php(525): Illuminate/Database/Connection->getReadPdo()
#8 C:/xampp/htdocs/guisedUp/backend/vendor/laravel/framework/src/Illuminate/Database/Connection.php(420): Illuminate/Database/Connection->getPdoForSelect(true)
#9 C:/xampp/htdocs/guisedUp/backend/vendor/laravel/framework/src/Illuminate/Database/Connection.php(827): Illuminate/Database/Connection->Illuminate/Database/{closure}('select exists (...', Array)
#10 C:/xampp/htdocs/guisedUp/backend/vendor/laravel/framework/src/Illuminate/Database/Connection.php(794): Illuminate/Database/Connection->runQueryCallback('select exists (...', Array, Object(Closure))
#11 C:/xampp/htdocs/guisedUp/backend/vendor/laravel/framework/src/Illuminate/Database/Connection.php(411): Illuminate/Database/Connection->run('select exists (...', Array, Object(Closure))
#12 C:/xampp/htdocs/guisedUp/backend/vendor/laravel/framework/src/Illuminate/Database/Connection.php(357): Illuminate/Database/Connection->select('select exists (...', Array, true)
#13 C:/xampp/htdocs/guisedUp/backend/vendor/laravel/framework/src/Illuminate/Database/Connection.php(374): Illuminate/Database/Connection->selectOne('select exists (...', Array, true)
#14 C:/xampp/htdocs/guisedUp/backend/vendor/laravel/framework/src/Illuminate/Database/Schema/Builder.php(176): Illuminate/Database/Connection->scalar('select exists (...')
#15 C:/xampp/htdocs/guisedUp/backend/vendor/laravel/framework/src/Illuminate/Database/Migrations/DatabaseMigrationRepository.php(185): Illuminate/Database/Schema/Builder->hasTable('migrations')
#16 C:/xampp/htdocs/guisedUp/backend/vendor/laravel/framework/src/Illuminate/Database/Migrations/Migrator.php(758): Illuminate/Database/Migrations/DatabaseMigrationRepository->repositoryExists()
#17 C:/xampp/htdocs/guisedUp/backend/vendor/laravel/framework/src/Illuminate/Database/Console/Migrations/StatusCommand.php(55): Illuminate/Database/Migrations/Migrator->repositoryExists()
#18 C:/xampp/htdocs/guisedUp/backend/vendor/laravel/framework/src/Illuminate/Database/Migrations/Migrator.php(671): Illuminate/Database/Console/Migrations/StatusCommand->Illuminate/Database/Console/Migrations/{closure}()
#19 C:/xampp/htdocs/guisedUp/backend/vendor/laravel/framework/src/Illuminate/Database/Console/Migrations/StatusCommand.php(54): Illuminate/Database/Migrations/Migrator->usingConnection(NULL, Object(Closure))
#20 C:/xampp/htdocs/guisedUp/backend/vendor/laravel/framework/src/Illuminate/Container/BoundMethod.php(36): Illuminate/Database/Console/Migrations/StatusCommand->handle()
#21 C:/xampp/htdocs/guisedUp/backend/vendor/laravel/framework/src/Illuminate/Container/Util.php(43): Illuminate/Container/BoundMethod::Illuminate/Container/{closure}()
#22 C:/xampp/htdocs/guisedUp/backend/vendor/laravel/framework/src/Illuminate/Container/BoundMethod.php(96): Illuminate/Container/Util::unwrapIfClosure(Object(Closure))
#23 C:/xampp/htdocs/guisedUp/backend/vendor/laravel/framework/src/Illuminate/Container/BoundMethod.php(35): Illuminate/Container/BoundMethod::callBoundMethod(Object(Illuminate/Foundation/Application), Array, Object(Closure))
#24 C:/xampp/htdocs/guisedUp/backend/vendor/laravel/framework/src/Illuminate/Container/Container.php(799): Illuminate/Container/BoundMethod::call(Object(Illuminate/Foundation/Application), Array, Array, NULL)
#25 C:/xampp/htdocs/guisedUp/backend/vendor/laravel/framework/src/Illuminate/Console/Command.php(211): Illuminate/Container/Container->call(Array)
#26 C:/xampp/htdocs/guisedUp/backend/vendor/symfony/console/Command/Command.php(341): Illuminate/Console/Command->execute(Object(Symfony/Component/Console/Input/ArgvInput), Object(Illuminate/Console/OutputStyle))
#27 C:/xampp/htdocs/guisedUp/backend/vendor/laravel/framework/src/Illuminate/Console/Command.php(180): Symfony/Component/Console/Command/Command->run(Object(Symfony/Component/Console/Input/ArgvInput), Object(Illuminate/Console/OutputStyle))
#28 C:/xampp/htdocs/guisedUp/backend/vendor/symfony/console/Application.php(1117): Illuminate/Console/Command->run(Object(Symfony/Component/Console/Input/ArgvInput), Object(Symfony/Component/Console/Output/ConsoleOutput))
#29 C:/xampp/htdocs/guisedUp/backend/vendor/symfony/console/Application.php(356): Symfony/Component/Console/Application->doRunCommand(Object(Illuminate/Database/Console/Migrations/StatusCommand), Object(Symfony/Component/Console/Input/ArgvInput), Object(Symfony/Component/Console/Output/ConsoleOutput))
#30 C:/xampp/htdocs/guisedUp/backend/vendor/symfony/console/Application.php(195): Symfony/Component/Console/Application->doRun(Object(Symfony/Component/Console/Input/ArgvInput), Object(Symfony/Component/Console/Output/ConsoleOutput))
#31 C:/xampp/htdocs/guisedUp/backend/vendor/laravel/framework/src/Illuminate/Foundation/Console/Kernel.php(198): Symfony/Component/Console/Application->run(Object(Symfony/Component/Console/Input/ArgvInput), Object(Symfony/Component/Console/Output/ConsoleOutput))
#32 C:/xampp/htdocs/guisedUp/backend/vendor/laravel/framework/src/Illuminate/Foundation/Application.php(1235): Illuminate/Foundation/Console/Kernel->handle(Object(Symfony/Component/Console/Input/ArgvInput), Object(Symfony/Component/Console/Output/ConsoleOutput))
#33 C:/xampp/htdocs/guisedUp/backend/artisan(11): Illuminate/Foundation/Application->handleCommand(Object(Symfony/Component/Console/Input/ArgvInput))
#34 {main}
"} 
[2026-07-13 19:02:29] testing.ERROR: Cannot modify readonly property App\Services\EmbeddingService::$baseUrl {"userId":1,"exception":"[object] (Error(code: 0): Cannot modify readonly property App\\Services\\EmbeddingService::$baseUrl at C:/xampp/htdocs/guisedUp/backend/app/Services/EmbeddingService.php:13)
[stacktrace]
#0 C:/xampp/htdocs/guisedUp/backend/vendor/laravel/framework/src/Illuminate/Container/Container.php(1168): App/Services/EmbeddingService->__construct('')
#1 C:/xampp/htdocs/guisedUp/backend/vendor/laravel/framework/src/Illuminate/Container/Container.php(933): Illuminate/Container/Container->build('App//Services//Em...')
#2 C:/xampp/htdocs/guisedUp/backend/vendor/laravel/framework/src/Illuminate/Foundation/Application.php(1078): Illuminate/Container/Container->resolve('App//Services//Em...', Array, true)
#3 C:/xampp/htdocs/guisedUp/backend/vendor/laravel/framework/src/Illuminate/Container/Container.php(864): Illuminate/Foundation/Application->resolve('App//Services//Em...', Array)
#4 C:/xampp/htdocs/guisedUp/backend/vendor/laravel/framework/src/Illuminate/Foundation/Application.php(1058): Illuminate/Container/Container->make('App//Services//Em...', Array)
#5 C:/xampp/htdocs/guisedUp/backend/vendor/laravel/framework/src/Illuminate/Container/Container.php(1336): Illuminate/Foundation/Application->make('App//Services//Em...')
#6 C:/xampp/htdocs/guisedUp/backend/vendor/laravel/framework/src/Illuminate/Container/Container.php(1237): Illuminate/Container/Container->resolveClass(Object(ReflectionParameter), 'App//Services//Em...')
#7 C:/xampp/htdocs/guisedUp/backend/vendor/laravel/framework/src/Illuminate/Container/Container.php(1162): Illuminate/Container/Container->resolveDependencies(Array)
#8 C:/xampp/htdocs/guisedUp/backend/vendor/laravel/framework/src/Illuminate/Container/Container.php(933): Illuminate/Container/Container->build('App//Http//Contro...')
#9 C:/xampp/htdocs/guisedUp/backend/vendor/laravel/framework/src/Illuminate/Foundation/Application.php(1078): Illuminate/Container/Container->resolve('App//Http//Contro...', Array, true)
#10 C:/xampp/htdocs/guisedUp/backend/vendor/laravel/framework/src/Illuminate/Container/Container.php(864): Illuminate/Foundation/Application->resolve('App//Http//Contro...', Array)
#11 C:/xampp/htdocs/guisedUp/backend/vendor/laravel/framework/src/Illuminate/Foundation/Application.php(1058): Illuminate/Container/Container->make('App//Http//Contro...', Array)
#12 C:/xampp/htdocs/guisedUp/backend/vendor/laravel/framework/src/Illuminate/Routing/Route.php(286): Illuminate/Foundation/Application->make('App//Http//Contro...')
#13 C:/xampp/htdocs/guisedUp/backend/vendor/laravel/framework/src/Illuminate/Routing/Route.php(266): Illuminate/Routing/Route->getController()
#14 C:/xampp/htdocs/guisedUp/backend/vendor/laravel/framework/src/Illuminate/Routing/Route.php(211): Illuminate/Routing/Route->runController()
#15 C:/xampp/htdocs/guisedUp/backend/vendor/laravel/framework/src/Illuminate/Routing/Router.php(822): Illuminate/Routing/Route->run()
#16 C:/xampp/htdocs/guisedUp/backend/vendor/laravel/framework/src/Illuminate/Pipeline/Pipeline.php(180): Illuminate/Routing/Router->Illuminate/Routing/{closure}(Object(Illuminate/Http/Request))
#17 C:/xampp/htdocs/guisedUp/backend/vendor/laravel/framework/src/Illuminate/Routing/Middleware/SubstituteBindings.php(50): Illuminate/Pipeline/Pipeline->Illuminate/Pipeline/{closure}(Object(Illuminate/Http/Request))
#18 C:/xampp/htdocs/guisedUp/backend/vendor/laravel/framework/src/Illuminate/Pipeline/Pipeline.php(219): Illuminate/Routing/Middleware/SubstituteBindings->handle(Object(Illuminate/Http/Request), Object(Closure))
#19 C:/xampp/htdocs/guisedUp/backend/vendor/laravel/framework/src/Illuminate/Auth/Middleware/Authenticate.php(63): Illuminate/Pipeline/Pipeline->Illuminate/Pipeline/{closure}(Object(Illuminate/Http/Request))
#20 C:/xampp/htdocs/guisedUp/backend/vendor/laravel/framework/src/Illuminate/Pipeline/Pipeline.php(219): Illuminate/Auth/Middleware/Authenticate->handle(Object(Illuminate/Http/Request), Object(Closure), 'sanctum')
#21 C:/xampp/htdocs/guisedUp/backend/vendor/laravel/sanctum/src/Http/Middleware/EnsureFrontendRequestsAreStateful.php(26): Illuminate/Pipeline/Pipeline->Illuminate/Pipeline/{closure}(Object(Illuminate/Http/Request))
#22 C:/xampp/htdocs/guisedUp/backend/vendor/laravel/framework/src/Illuminate/Pipeline/Pipeline.php(180): Laravel/Sanctum/Http/Middleware/EnsureFrontendRequestsAreStateful->Laravel/Sanctum/Http/Middleware/{closure}(Object(Illuminate/Http/Request))
#23 C:/xampp/htdocs/guisedUp/backend/vendor/laravel/framework/src/Illuminate/Pipeline/Pipeline.php(137): Illuminate/Pipeline/Pipeline->Illuminate/Pipeline/{closure}(Object(Illuminate/Http/Request))
#24 C:/xampp/htdocs/guisedUp/backend/vendor/laravel/sanctum/src/Http/Middleware/EnsureFrontendRequestsAreStateful.php(25): Illuminate/Pipeline/Pipeline->then(Object(Closure))
#25 C:/xampp/htdocs/guisedUp/backend/vendor/laravel/framework/src/Illuminate/Pipeline/Pipeline.php(219): Laravel/Sanctum/Http/Middleware/EnsureFrontendRequestsAreStateful->handle(Object(Illuminate/Http/Request), Object(Closure))
#26 C:/xampp/htdocs/guisedUp/backend/vendor/laravel/framework/src/Illuminate/Pipeline/Pipeline.php(137): Illuminate/Pipeline/Pipeline->Illuminate/Pipeline/{closure}(Object(Illuminate/Http/Request))
#27 C:/xampp/htdocs/guisedUp/backend/vendor/laravel/framework/src/Illuminate/Routing/Router.php(821): Illuminate/Pipeline/Pipeline->then(Object(Closure))
#28 C:/xampp/htdocs/guisedUp/backend/vendor/laravel/framework/src/Illuminate/Routing/Router.php(800): Illuminate/Routing/Router->runRouteWithinStack(Object(Illuminate/Routing/Route), Object(Illuminate/Http/Request))
#29 C:/xampp/htdocs/guisedUp/backend/vendor/laravel/framework/src/Illuminate/Routing/Router.php(764): Illuminate/Routing/Router->runRoute(Object(Illuminate/Http/Request), Object(Illuminate/Routing/Route))
#30 C:/xampp/htdocs/guisedUp/backend/vendor/laravel/framework/src/Illuminate/Routing/Router.php(753): Illuminate/Routing/Router->dispatchToRoute(Object(Illuminate/Http/Request))
#31 C:/xampp/htdocs/guisedUp/backend/vendor/laravel/framework/src/Illuminate/Foundation/Http/Kernel.php(200): Illuminate/Routing/Router->dispatch(Object(Illuminate/Http/Request))
#32 C:/xampp/htdocs/guisedUp/backend/vendor/laravel/framework/src/Illuminate/Pipeline/Pipeline.php(180): Illuminate/Foundation/Http/Kernel->Illuminate/Foundation/Http/{closure}(Object(Illuminate/Http/Request))
#33 C:/xampp/htdocs/guisedUp/backend/vendor/laravel/framework/src/Illuminate/Foundation/Http/Middleware/TransformsRequest.php(21): Illuminate/Pipeline/Pipeline->Illuminate/Pipeline/{closure}(Object(Illuminate/Http/Request))
#34 C:/xampp/htdocs/guisedUp/backend/vendor/laravel/framework/src/Illuminate/Foundation/Http/Middleware/ConvertEmptyStringsToNull.php(31): Illuminate/Foundation/Http/Middleware/TransformsRequest->handle(Object(Illuminate/Http/Request), Object(Closure))
#35 C:/xampp/htdocs/guisedUp/backend/vendor/laravel/framework/src/Illuminate/Pipeline/Pipeline.php(219): Illuminate/Foundation/Http/Middleware/ConvertEmptyStringsToNull->handle(Object(Illuminate/Http/Request), Object(Closure))
#36 C:/xampp/htdocs/guisedUp/backend/vendor/laravel/framework/src/Illuminate/Foundation/Http/Middleware/TransformsRequest.php(21): Illuminate/Pipeline/Pipeline->Illuminate/Pipeline/{closure}(Object(Illuminate/Http/Request))
#37 C:/xampp/htdocs/guisedUp/backend/vendor/laravel/framework/src/Illuminate/Foundation/Http/Middleware/TrimStrings.php(51): Illuminate/Foundation/Http/Middleware/TransformsRequest->handle(Object(Illuminate/Http/Request), Object(Closure))
#38 C:/xampp/htdocs/guisedUp/backend/vendor/laravel/framework/src/Illuminate/Pipeline/Pipeline.php(219): Illuminate/Foundation/Http/Middleware/TrimStrings->handle(Object(Illuminate/Http/Request), Object(Closure))
#39 C:/xampp/htdocs/guisedUp/backend/vendor/laravel/framework/src/Illuminate/Http/Middleware/ValidatePostSize.php(27): Illuminate/Pipeline/Pipeline->Illuminate/Pipeline/{closure}(Object(Illuminate/Http/Request))
#40 C:/xampp/htdocs/guisedUp/backend/vendor/laravel/framework/src/Illuminate/Pipeline/Pipeline.php(219): Illuminate/Http/Middleware/ValidatePostSize->handle(Object(Illuminate/Http/Request), Object(Closure))
#41 C:/xampp/htdocs/guisedUp/backend/vendor/laravel/framework/src/Illuminate/Foundation/Http/Middleware/PreventRequestsDuringMaintenance.php(109): Illuminate/Pipeline/Pipeline->Illuminate/Pipeline/{closure}(Object(Illuminate/Http/Request))
#42 C:/xampp/htdocs/guisedUp/backend/vendor/laravel/framework/src/Illuminate/Pipeline/Pipeline.php(219): Illuminate/Foundation/Http/Middleware/PreventRequestsDuringMaintenance->handle(Object(Illuminate/Http/Request), Object(Closure))
#43 C:/xampp/htdocs/guisedUp/backend/vendor/laravel/framework/src/Illuminate/Http/Middleware/HandleCors.php(74): Illuminate/Pipeline/Pipeline->Illuminate/Pipeline/{closure}(Object(Illuminate/Http/Request))
#44 C:/xampp/htdocs/guisedUp/backend/vendor/laravel/framework/src/Illuminate/Pipeline/Pipeline.php(219): Illuminate/Http/Middleware/HandleCors->handle(Object(Illuminate/Http/Request), Object(Closure))
#45 C:/xampp/htdocs/guisedUp/backend/vendor/laravel/framework/src/Illuminate/Http/Middleware/TrustProxies.php(58): Illuminate/Pipeline/Pipeline->Illuminate/Pipeline/{closure}(Object(Illuminate/Http/Request))
#46 C:/xampp/htdocs/guisedUp/backend/vendor/laravel/framework/src/Illuminate/Pipeline/Pipeline.php(219): Illuminate/Http/Middleware/TrustProxies->handle(Object(Illuminate/Http/Request), Object(Closure))
#47 C:/xampp/htdocs/guisedUp/backend/vendor/laravel/framework/src/Illuminate/Foundation/Http/Middleware/InvokeDeferredCallbacks.php(22): Illuminate/Pipeline/Pipeline->Illuminate/Pipeline/{closure}(Object(Illuminate/Http/Request))
#48 C:/xampp/htdocs/guisedUp/backend/vendor/laravel/framework/src/Illuminate/Pipeline/Pipeline.php(219): Illuminate/Foundation/Http/Middleware/InvokeDeferredCallbacks->handle(Object(Illuminate/Http/Request), Object(Closure))
#49 C:/xampp/htdocs/guisedUp/backend/vendor/laravel/framework/src/Illuminate/Http/Middleware/ValidatePathEncoding.php(26): Illuminate/Pipeline/Pipeline->Illuminate/Pipeline/{closure}(Object(Illuminate/Http/Request))
#50 C:/xampp/htdocs/guisedUp/backend/vendor/laravel/framework/src/Illuminate/Pipeline/Pipeline.php(219): Illuminate/Http/Middleware/ValidatePathEncoding->handle(Object(Illuminate/Http/Request), Object(Closure))
#51 C:/xampp/htdocs/guisedUp/backend/vendor/laravel/framework/src/Illuminate/Pipeline/Pipeline.php(137): Illuminate/Pipeline/Pipeline->Illuminate/Pipeline/{closure}(Object(Illuminate/Http/Request))
#52 C:/xampp/htdocs/guisedUp/backend/vendor/laravel/framework/src/Illuminate/Foundation/Http/Kernel.php(175): Illuminate/Pipeline/Pipeline->then(Object(Closure))
#53 C:/xampp/htdocs/guisedUp/backend/vendor/laravel/framework/src/Illuminate/Foundation/Http/Kernel.php(144): Illuminate/Foundation/Http/Kernel->sendRequestThroughRouter(Object(Illuminate/Http/Request))
#54 C:/xampp/htdocs/guisedUp/backend/vendor/laravel/framework/src/Illuminate/Foundation/Testing/Concerns/MakesHttpRequests.php(607): Illuminate/Foundation/Http/Kernel->handle(Object(Illuminate/Http/Request))
#55 C:/xampp/htdocs/guisedUp/backend/vendor/laravel/framework/src/Illuminate/Foundation/Testing/Concerns/MakesHttpRequests.php(573): Illuminate/Foundation/Testing/TestCase->call('GET', '/api/search', Array, Array, Array, Array, '[]')
#56 C:/xampp/htdocs/guisedUp/backend/vendor/laravel/framework/src/Illuminate/Foundation/Testing/Concerns/MakesHttpRequests.php(381): Illuminate/Foundation/Testing/TestCase->json('GET', '/api/search', Array, Array, 0)
#57 C:/xampp/htdocs/guisedUp/backend/tests/Feature/SearchApiTest.php(40): Illuminate/Foundation/Testing/TestCase->getJson('/api/search')
#58 C:/xampp/htdocs/guisedUp/backend/vendor/phpunit/phpunit/src/Framework/TestCase.php(1667): Tests/Feature/SearchApiTest->test_search_requires_a_query()
#59 C:/xampp/htdocs/guisedUp/backend/vendor/phpunit/phpunit/src/Framework/TestCase.php(519): PHPUnit/Framework/TestCase->runTest()
#60 C:/xampp/htdocs/guisedUp/backend/vendor/phpunit/phpunit/src/Framework/TestRunner/TestRunner.php(87): PHPUnit/Framework/TestCase->runBare()
#61 C:/xampp/htdocs/guisedUp/backend/vendor/phpunit/phpunit/src/Framework/TestCase.php(365): PHPUnit/Framework/TestRunner->run(Object(Tests/Feature/SearchApiTest))
#62 C:/xampp/htdocs/guisedUp/backend/vendor/phpunit/phpunit/src/Framework/TestSuite.php(369): PHPUnit/Framework/TestCase->run()
#63 C:/xampp/htdocs/guisedUp/backend/vendor/phpunit/phpunit/src/Framework/TestSuite.php(369): PHPUnit/Framework/TestSuite->run()
#64 C:/xampp/htdocs/guisedUp/backend/vendor/phpunit/phpunit/src/Framework/TestSuite.php(369): PHPUnit/Framework/TestSuite->run()
#65 C:/xampp/htdocs/guisedUp/backend/vendor/phpunit/phpunit/src/TextUI/TestRunner.php(64): PHPUnit/Framework/TestSuite->run()
#66 C:/xampp/htdocs/guisedUp/backend/vendor/phpunit/phpunit/src/TextUI/Application.php(211): PHPUnit/TextUI/TestRunner->run(Object(PHPUnit/TextUI/Configuration/Configuration), Object(PHPUnit/Runner/ResultCache/DefaultResultCache), Object(PHPUnit/Framework/TestSuite))
#67 C:/xampp/htdocs/guisedUp/backend/vendor/phpunit/phpunit/phpunit(104): PHPUnit/TextUI/Application->run(Array)
#68 {main}
"} 
[2026-07-13 19:16:21] local.ERROR: SQLSTATE[HY000] [1049] Unknown database 'guisedup' (Connection: mysql, Host: 127.0.0.1, Port: 3306, Database: guisedup, SQL: select exists (select 1 from information_schema.tables where table_schema = schema() and table_name = 'migrations' and table_type in ('BASE TABLE', 'SYSTEM VERSIONED')) as `exists`) {"exception":"[object] (Illuminate\\Database\\QueryException(code: 1049): SQLSTATE[HY000] [1049] Unknown database 'guisedup' (Connection: mysql, Host: 127.0.0.1, Port: 3306, Database: guisedup, SQL: select exists (select 1 from information_schema.tables where table_schema = schema() and table_name = 'migrations' and table_type in ('BASE TABLE', 'SYSTEM VERSIONED')) as `exists`) at C:/xampp/htdocs/guisedUp/backend/vendor/laravel/framework/src/Illuminate/Database/Connection.php:838)
[stacktrace]
#0 C:/xampp/htdocs/guisedUp/backend/vendor/laravel/framework/src/Illuminate/Database/Connection.php(794): Illuminate/Database/Connection->runQueryCallback('select exists (...', Array, Object(Closure))
#1 C:/xampp/htdocs/guisedUp/backend/vendor/laravel/framework/src/Illuminate/Database/Connection.php(411): Illuminate/Database/Connection->run('select exists (...', Array, Object(Closure))
#2 C:/xampp/htdocs/guisedUp/backend/vendor/laravel/framework/src/Illuminate/Database/Connection.php(357): Illuminate/Database/Connection->select('select exists (...', Array, true)
#3 C:/xampp/htdocs/guisedUp/backend/vendor/laravel/framework/src/Illuminate/Database/Connection.php(374): Illuminate/Database/Connection->selectOne('select exists (...', Array, true)
#4 C:/xampp/htdocs/guisedUp/backend/vendor/laravel/framework/src/Illuminate/Database/Schema/Builder.php(176): Illuminate/Database/Connection->scalar('select exists (...')
#5 C:/xampp/htdocs/guisedUp/backend/vendor/laravel/framework/src/Illuminate/Database/Migrations/DatabaseMigrationRepository.php(185): Illuminate/Database/Schema/Builder->hasTable('migrations')
#6 C:/xampp/htdocs/guisedUp/backend/vendor/laravel/framework/src/Illuminate/Database/Migrations/Migrator.php(758): Illuminate/Database/Migrations/DatabaseMigrationRepository->repositoryExists()
#7 C:/xampp/htdocs/guisedUp/backend/vendor/laravel/framework/src/Illuminate/Database/Console/Migrations/StatusCommand.php(55): Illuminate/Database/Migrations/Migrator->repositoryExists()
#8 C:/xampp/htdocs/guisedUp/backend/vendor/laravel/framework/src/Illuminate/Database/Migrations/Migrator.php(671): Illuminate/Database/Console/Migrations/StatusCommand->Illuminate/Database/Console/Migrations/{closure}()
#9 C:/xampp/htdocs/guisedUp/backend/vendor/laravel/framework/src/Illuminate/Database/Console/Migrations/StatusCommand.php(54): Illuminate/Database/Migrations/Migrator->usingConnection(NULL, Object(Closure))
#10 C:/xampp/htdocs/guisedUp/backend/vendor/laravel/framework/src/Illuminate/Container/BoundMethod.php(36): Illuminate/Database/Console/Migrations/StatusCommand->handle()
#11 C:/xampp/htdocs/guisedUp/backend/vendor/laravel/framework/src/Illuminate/Container/Util.php(43): Illuminate/Container/BoundMethod::Illuminate/Container/{closure}()
#12 C:/xampp/htdocs/guisedUp/backend/vendor/laravel/framework/src/Illuminate/Container/BoundMethod.php(96): Illuminate/Container/Util::unwrapIfClosure(Object(Closure))
#13 C:/xampp/htdocs/guisedUp/backend/vendor/laravel/framework/src/Illuminate/Container/BoundMethod.php(35): Illuminate/Container/BoundMethod::callBoundMethod(Object(Illuminate/Foundation/Application), Array, Object(Closure))
#14 C:/xampp/htdocs/guisedUp/backend/vendor/laravel/framework/src/Illuminate/Container/Container.php(799): Illuminate/Container/BoundMethod::call(Object(Illuminate/Foundation/Application), Array, Array, NULL)
#15 C:/xampp/htdocs/guisedUp/backend/vendor/laravel/framework/src/Illuminate/Console/Command.php(211): Illuminate/Container/Container->call(Array)
#16 C:/xampp/htdocs/guisedUp/backend/vendor/symfony/console/Command/Command.php(341): Illuminate/Console/Command->execute(Object(Symfony/Component/Console/Input/ArgvInput), Object(Illuminate/Console/OutputStyle))
#17 C:/xampp/htdocs/guisedUp/backend/vendor/laravel/framework/src/Illuminate/Console/Command.php(180): Symfony/Component/Console/Command/Command->run(Object(Symfony/Component/Console/Input/ArgvInput), Object(Illuminate/Console/OutputStyle))
#18 C:/xampp/htdocs/guisedUp/backend/vendor/symfony/console/Application.php(1117): Illuminate/Console/Command->run(Object(Symfony/Component/Console/Input/ArgvInput), Object(Symfony/Component/Console/Output/ConsoleOutput))
#19 C:/xampp/htdocs/guisedUp/backend/vendor/symfony/console/Application.php(356): Symfony/Component/Console/Application->doRunCommand(Object(Illuminate/Database/Console/Migrations/StatusCommand), Object(Symfony/Component/Console/Input/ArgvInput), Object(Symfony/Component/Console/Output/ConsoleOutput))
#20 C:/xampp/htdocs/guisedUp/backend/vendor/symfony/console/Application.php(195): Symfony/Component/Console/Application->doRun(Object(Symfony/Component/Console/Input/ArgvInput), Object(Symfony/Component/Console/Output/ConsoleOutput))
#21 C:/xampp/htdocs/guisedUp/backend/vendor/laravel/framework/src/Illuminate/Foundation/Console/Kernel.php(198): Symfony/Component/Console/Application->run(Object(Symfony/Component/Console/Input/ArgvInput), Object(Symfony/Component/Console/Output/ConsoleOutput))
#22 C:/xampp/htdocs/guisedUp/backend/vendor/laravel/framework/src/Illuminate/Foundation/Application.php(1235): Illuminate/Foundation/Console/Kernel->handle(Object(Symfony/Component/Console/Input/ArgvInput), Object(Symfony/Component/Console/Output/ConsoleOutput))
#23 C:/xampp/htdocs/guisedUp/backend/artisan(11): Illuminate/Foundation/Application->handleCommand(Object(Symfony/Component/Console/Input/ArgvInput))
#24 {main}

[previous exception] [object] (PDOException(code: 1049): SQLSTATE[HY000] [1049] Unknown database 'guisedup' at C:/xampp/htdocs/guisedUp/backend/vendor/laravel/framework/src/Illuminate/Database/Connectors/Connector.php:66)
[stacktrace]
#0 C:/xampp/htdocs/guisedUp/backend/vendor/laravel/framework/src/Illuminate/Database/Connectors/Connector.php(66): PDO->__construct('mysql:host=127....', 'root', Object(SensitiveParameterValue), Array)
#1 C:/xampp/htdocs/guisedUp/backend/vendor/laravel/framework/src/Illuminate/Database/Connectors/Connector.php(44): Illuminate/Database/Connectors/Connector->createPdoConnection('mysql:host=127....', 'root', Object(SensitiveParameterValue), Array)
#2 C:/xampp/htdocs/guisedUp/backend/vendor/laravel/framework/src/Illuminate/Database/Connectors/MySqlConnector.php(24): Illuminate/Database/Connectors/Connector->createConnection('mysql:host=127....', Array, Array)
#3 C:/xampp/htdocs/guisedUp/backend/vendor/laravel/framework/src/Illuminate/Database/Connectors/ConnectionFactory.php(186): Illuminate/Database/Connectors/MySqlConnector->connect(Array)
#4 [internal function]: Illuminate/Database/Connectors/ConnectionFactory->Illuminate/Database/Connectors/{closure}()
#5 C:/xampp/htdocs/guisedUp/backend/vendor/laravel/framework/src/Illuminate/Database/Connection.php(1257): call_user_func(Object(Closure))
#6 C:/xampp/htdocs/guisedUp/backend/vendor/laravel/framework/src/Illuminate/Database/Connection.php(1295): Illuminate/Database/Connection->getPdo()
#7 C:/xampp/htdocs/guisedUp/backend/vendor/laravel/framework/src/Illuminate/Database/Connection.php(525): Illuminate/Database/Connection->getReadPdo()
#8 C:/xampp/htdocs/guisedUp/backend/vendor/laravel/framework/src/Illuminate/Database/Connection.php(420): Illuminate/Database/Connection->getPdoForSelect(true)
#9 C:/xampp/htdocs/guisedUp/backend/vendor/laravel/framework/src/Illuminate/Database/Connection.php(827): Illuminate/Database/Connection->Illuminate/Database/{closure}('select exists (...', Array)
#10 C:/xampp/htdocs/guisedUp/backend/vendor/laravel/framework/src/Illuminate/Database/Connection.php(794): Illuminate/Database/Connection->runQueryCallback('select exists (...', Array, Object(Closure))
#11 C:/xampp/htdocs/guisedUp/backend/vendor/laravel/framework/src/Illuminate/Database/Connection.php(411): Illuminate/Database/Connection->run('select exists (...', Array, Object(Closure))
#12 C:/xampp/htdocs/guisedUp/backend/vendor/laravel/framework/src/Illuminate/Database/Connection.php(357): Illuminate/Database/Connection->select('select exists (...', Array, true)
#13 C:/xampp/htdocs/guisedUp/backend/vendor/laravel/framework/src/Illuminate/Database/Connection.php(374): Illuminate/Database/Connection->selectOne('select exists (...', Array, true)
#14 C:/xampp/htdocs/guisedUp/backend/vendor/laravel/framework/src/Illuminate/Database/Schema/Builder.php(176): Illuminate/Database/Connection->scalar('select exists (...')
#15 C:/xampp/htdocs/guisedUp/backend/vendor/laravel/framework/src/Illuminate/Database/Migrations/DatabaseMigrationRepository.php(185): Illuminate/Database/Schema/Builder->hasTable('migrations')
#16 C:/xampp/htdocs/guisedUp/backend/vendor/laravel/framework/src/Illuminate/Database/Migrations/Migrator.php(758): Illuminate/Database/Migrations/DatabaseMigrationRepository->repositoryExists()
#17 C:/xampp/htdocs/guisedUp/backend/vendor/laravel/framework/src/Illuminate/Database/Console/Migrations/StatusCommand.php(55): Illuminate/Database/Migrations/Migrator->repositoryExists()
#18 C:/xampp/htdocs/guisedUp/backend/vendor/laravel/framework/src/Illuminate/Database/Migrations/Migrator.php(671): Illuminate/Database/Console/Migrations/StatusCommand->Illuminate/Database/Console/Migrations/{closure}()
#19 C:/xampp/htdocs/guisedUp/backend/vendor/laravel/framework/src/Illuminate/Database/Console/Migrations/StatusCommand.php(54): Illuminate/Database/Migrations/Migrator->usingConnection(NULL, Object(Closure))
#20 C:/xampp/htdocs/guisedUp/backend/vendor/laravel/framework/src/Illuminate/Container/BoundMethod.php(36): Illuminate/Database/Console/Migrations/StatusCommand->handle()
#21 C:/xampp/htdocs/guisedUp/backend/vendor/laravel/framework/src/Illuminate/Container/Util.php(43): Illuminate/Container/BoundMethod::Illuminate/Container/{closure}()
#22 C:/xampp/htdocs/guisedUp/backend/vendor/laravel/framework/src/Illuminate/Container/BoundMethod.php(96): Illuminate/Container/Util::unwrapIfClosure(Object(Closure))
#23 C:/xampp/htdocs/guisedUp/backend/vendor/laravel/framework/src/Illuminate/Container/BoundMethod.php(35): Illuminate/Container/BoundMethod::callBoundMethod(Object(Illuminate/Foundation/Application), Array, Object(Closure))
#24 C:/xampp/htdocs/guisedUp/backend/vendor/laravel/framework/src/Illuminate/Container/Container.php(799): Illuminate/Container/BoundMethod::call(Object(Illuminate/Foundation/Application), Array, Array, NULL)
#25 C:/xampp/htdocs/guisedUp/backend/vendor/laravel/framework/src/Illuminate/Console/Command.php(211): Illuminate/Container/Container->call(Array)
#26 C:/xampp/htdocs/guisedUp/backend/vendor/symfony/console/Command/Command.php(341): Illuminate/Console/Command->execute(Object(Symfony/Component/Console/Input/ArgvInput), Object(Illuminate/Console/OutputStyle))
#27 C:/xampp/htdocs/guisedUp/backend/vendor/laravel/framework/src/Illuminate/Console/Command.php(180): Symfony/Component/Console/Command/Command->run(Object(Symfony/Component/Console/Input/ArgvInput), Object(Illuminate/Console/OutputStyle))
#28 C:/xampp/htdocs/guisedUp/backend/vendor/symfony/console/Application.php(1117): Illuminate/Console/Command->run(Object(Symfony/Component/Console/Input/ArgvInput), Object(Symfony/Component/Console/Output/ConsoleOutput))
#29 C:/xampp/htdocs/guisedUp/backend/vendor/symfony/console/Application.php(356): Symfony/Component/Console/Application->doRunCommand(Object(Illuminate/Database/Console/Migrations/StatusCommand), Object(Symfony/Component/Console/Input/ArgvInput), Object(Symfony/Component/Console/Output/ConsoleOutput))
#30 C:/xampp/htdocs/guisedUp/backend/vendor/symfony/console/Application.php(195): Symfony/Component/Console/Application->doRun(Object(Symfony/Component/Console/Input/ArgvInput), Object(Symfony/Component/Console/Output/ConsoleOutput))
#31 C:/xampp/htdocs/guisedUp/backend/vendor/laravel/framework/src/Illuminate/Foundation/Console/Kernel.php(198): Symfony/Component/Console/Application->run(Object(Symfony/Component/Console/Input/ArgvInput), Object(Symfony/Component/Console/Output/ConsoleOutput))
#32 C:/xampp/htdocs/guisedUp/backend/vendor/laravel/framework/src/Illuminate/Foundation/Application.php(1235): Illuminate/Foundation/Console/Kernel->handle(Object(Symfony/Component/Console/Input/ArgvInput), Object(Symfony/Component/Console/Output/ConsoleOutput))
#33 C:/xampp/htdocs/guisedUp/backend/artisan(11): Illuminate/Foundation/Application->handleCommand(Object(Symfony/Component/Console/Input/ArgvInput))
#34 {main}
"} 
[2026-07-13 19:18:10] local.ERROR: There are no commands defined in the "config:clearC" namespace.

Did you mean this?
    config {"exception":"[object] (Symfony\\Component\\Console\\Exception\\NamespaceNotFoundException(code: 0): There are no commands defined in the \"config:clearC\" namespace.

Did you mean this?
    config at C:/xampp/htdocs/guisedUp/backend/vendor/symfony/console/Application.php:694)
[stacktrace]
#0 C:/xampp/htdocs/guisedUp/backend/vendor/symfony/console/Application.php(743): Symfony/Component/Console/Application->findNamespace('config:clearC')
#1 C:/xampp/htdocs/guisedUp/backend/vendor/symfony/console/Application.php(298): Symfony/Component/Console/Application->find('config:clearC://...')
#2 C:/xampp/htdocs/guisedUp/backend/vendor/symfony/console/Application.php(195): Symfony/Component/Console/Application->doRun(Object(Symfony/Component/Console/Input/ArgvInput), Object(Symfony/Component/Console/Output/ConsoleOutput))
#3 C:/xampp/htdocs/guisedUp/backend/vendor/laravel/framework/src/Illuminate/Foundation/Console/Kernel.php(198): Symfony/Component/Console/Application->run(Object(Symfony/Component/Console/Input/ArgvInput), Object(Symfony/Component/Console/Output/ConsoleOutput))
#4 C:/xampp/htdocs/guisedUp/backend/vendor/laravel/framework/src/Illuminate/Foundation/Application.php(1235): Illuminate/Foundation/Console/Kernel->handle(Object(Symfony/Component/Console/Input/ArgvInput), Object(Symfony/Component/Console/Output/ConsoleOutput))
#5 C:/xampp/htdocs/guisedUp/backend/artisan(11): Illuminate/Foundation/Application->handleCommand(Object(Symfony/Component/Console/Input/ArgvInput))
#6 {main}
"} 
[2026-07-13 19:19:12] local.ERROR: Embedding service embed error {"message":"cURL error 7: Failed to connect to 127.0.0.1 port 5000 after 2017 ms: Couldn't connect to server (see https://curl.se/libcurl/c/libcurl-errors.html) for http://127.0.0.1:5000/embed"} 
[2026-07-13 19:19:14] local.ERROR: Embedding service embed error {"message":"cURL error 7: Failed to connect to 127.0.0.1 port 5000 after 2024 ms: Couldn't connect to server (see https://curl.se/libcurl/c/libcurl-errors.html) for http://127.0.0.1:5000/embed"} 
[2026-07-13 19:19:16] local.ERROR: Embedding service embed error {"message":"cURL error 7: Failed to connect to 127.0.0.1 port 5000 after 2038 ms: Couldn't connect to server (see https://curl.se/libcurl/c/libcurl-errors.html) for http://127.0.0.1:5000/embed"} 
[2026-07-13 19:19:18] local.ERROR: Embedding service embed error {"message":"cURL error 7: Failed to connect to 127.0.0.1 port 5000 after 2028 ms: Couldn't connect to server (see https://curl.se/libcurl/c/libcurl-errors.html) for http://127.0.0.1:5000/embed"} 
[2026-07-13 19:19:20] local.ERROR: Embedding service embed error {"message":"cURL error 7: Failed to connect to 127.0.0.1 port 5000 after 2028 ms: Couldn't connect to server (see https://curl.se/libcurl/c/libcurl-errors.html) for http://127.0.0.1:5000/embed"} 
[2026-07-13 19:19:22] local.ERROR: Embedding service embed error {"message":"cURL error 7: Failed to connect to 127.0.0.1 port 5000 after 2028 ms: Couldn't connect to server (see https://curl.se/libcurl/c/libcurl-errors.html) for http://127.0.0.1:5000/embed"} 
[2026-07-13 19:19:24] local.ERROR: Embedding service embed error {"message":"cURL error 7: Failed to connect to 127.0.0.1 port 5000 after 2027 ms: Couldn't connect to server (see https://curl.se/libcurl/c/libcurl-errors.html) for http://127.0.0.1:5000/embed"} 
[2026-07-13 19:19:26] local.ERROR: Embedding service embed error {"message":"cURL error 7: Failed to connect to 127.0.0.1 port 5000 after 2018 ms: Couldn't connect to server (see https://curl.se/libcurl/c/libcurl-errors.html) for http://127.0.0.1:5000/embed"} 
[2026-07-13 19:19:28] local.ERROR: Embedding service embed error {"message":"cURL error 7: Failed to connect to 127.0.0.1 port 5000 after 2025 ms: Couldn't connect to server (see https://curl.se/libcurl/c/libcurl-errors.html) for http://127.0.0.1:5000/embed"} 
[2026-07-13 19:19:30] local.ERROR: Embedding service embed error {"message":"cURL error 7: Failed to connect to 127.0.0.1 port 5000 after 2020 ms: Couldn't connect to server (see https://curl.se/libcurl/c/libcurl-errors.html) for http://127.0.0.1:5000/embed"} 
[2026-07-13 19:19:32] local.ERROR: Embedding service embed error {"message":"cURL error 7: Failed to connect to 127.0.0.1 port 5000 after 2032 ms: Couldn't connect to server (see https://curl.se/libcurl/c/libcurl-errors.html) for http://127.0.0.1:5000/embed"} 
[2026-07-13 19:19:34] local.ERROR: Embedding service embed error {"message":"cURL error 7: Failed to connect to 127.0.0.1 port 5000 after 2031 ms: Couldn't connect to server (see https://curl.se/libcurl/c/libcurl-errors.html) for http://127.0.0.1:5000/embed"} 
[2026-07-13 19:19:36] local.ERROR: Embedding service embed error {"message":"cURL error 7: Failed to connect to 127.0.0.1 port 5000 after 2016 ms: Couldn't connect to server (see https://curl.se/libcurl/c/libcurl-errors.html) for http://127.0.0.1:5000/embed"} 
[2026-07-13 19:19:38] local.ERROR: Embedding service embed error {"message":"cURL error 7: Failed to connect to 127.0.0.1 port 5000 after 2021 ms: Couldn't connect to server (see https://curl.se/libcurl/c/libcurl-errors.html) for http://127.0.0.1:5000/embed"} 
[2026-07-13 19:19:40] local.ERROR: Embedding service embed error {"message":"cURL error 7: Failed to connect to 127.0.0.1 port 5000 after 2032 ms: Couldn't connect to server (see https://curl.se/libcurl/c/libcurl-errors.html) for http://127.0.0.1:5000/embed"} 
[2026-07-13 19:19:42] local.ERROR: Embedding service embed error {"message":"cURL error 7: Failed to connect to 127.0.0.1 port 5000 after 2029 ms: Couldn't connect to server (see https://curl.se/libcurl/c/libcurl-errors.html) for http://127.0.0.1:5000/embed"} 
[2026-07-13 19:19:44] local.ERROR: Embedding service embed error {"message":"cURL error 7: Failed to connect to 127.0.0.1 port 5000 after 2035 ms: Couldn't connect to server (see https://curl.se/libcurl/c/libcurl-errors.html) for http://127.0.0.1:5000/embed"} 
[2026-07-13 19:19:46] local.ERROR: Embedding service embed error {"message":"cURL error 7: Failed to connect to 127.0.0.1 port 5000 after 2025 ms: Couldn't connect to server (see https://curl.se/libcurl/c/libcurl-errors.html) for http://127.0.0.1:5000/embed"} 
[2026-07-13 19:19:48] local.ERROR: Embedding service embed error {"message":"cURL error 7: Failed to connect to 127.0.0.1 port 5000 after 2021 ms: Couldn't connect to server (see https://curl.se/libcurl/c/libcurl-errors.html) for http://127.0.0.1:5000/embed"} 
[2026-07-13 19:19:50] local.ERROR: Embedding service embed error {"message":"cURL error 7: Failed to connect to 127.0.0.1 port 5000 after 2041 ms: Couldn't connect to server (see https://curl.se/libcurl/c/libcurl-errors.html) for http://127.0.0.1:5000/embed"} 
[2026-07-13 19:19:52] local.ERROR: Embedding service embed error {"message":"cURL error 7: Failed to connect to 127.0.0.1 port 5000 after 2020 ms: Couldn't connect to server (see https://curl.se/libcurl/c/libcurl-errors.html) for http://127.0.0.1:5000/embed"} 
[2026-07-13 19:19:54] local.ERROR: Embedding service embed error {"message":"cURL error 7: Failed to connect to 127.0.0.1 port 5000 after 2026 ms: Couldn't connect to server (see https://curl.se/libcurl/c/libcurl-errors.html) for http://127.0.0.1:5000/embed"} 
[2026-07-13 19:19:56] local.ERROR: Embedding service embed error {"message":"cURL error 7: Failed to connect to 127.0.0.1 port 5000 after 2034 ms: Couldn't connect to server (see https://curl.se/libcurl/c/libcurl-errors.html) for http://127.0.0.1:5000/embed"} 
[2026-07-13 19:19:58] local.ERROR: Embedding service embed error {"message":"cURL error 7: Failed to connect to 127.0.0.1 port 5000 after 2026 ms: Couldn't connect to server (see https://curl.se/libcurl/c/libcurl-errors.html) for http://127.0.0.1:5000/embed"} 
[2026-07-13 19:20:00] local.ERROR: Embedding service embed error {"message":"cURL error 7: Failed to connect to 127.0.0.1 port 5000 after 2035 ms: Couldn't connect to server (see https://curl.se/libcurl/c/libcurl-errors.html) for http://127.0.0.1:5000/embed"} 
[2026-07-13 19:20:02] local.ERROR: Embedding service embed error {"message":"cURL error 7: Failed to connect to 127.0.0.1 port 5000 after 2011 ms: Couldn't connect to server (see https://curl.se/libcurl/c/libcurl-errors.html) for http://127.0.0.1:5000/embed"} 
[2026-07-13 19:20:04] local.ERROR: Embedding service embed error {"message":"cURL error 7: Failed to connect to 127.0.0.1 port 5000 after 2016 ms: Couldn't connect to server (see https://curl.se/libcurl/c/libcurl-errors.html) for http://127.0.0.1:5000/embed"} 
[2026-07-13 19:20:07] local.ERROR: Embedding service embed error {"message":"cURL error 7: Failed to connect to 127.0.0.1 port 5000 after 2016 ms: Couldn't connect to server (see https://curl.se/libcurl/c/libcurl-errors.html) for http://127.0.0.1:5000/embed"} 
[2026-07-13 19:20:09] local.ERROR: Embedding service embed error {"message":"cURL error 7: Failed to connect to 127.0.0.1 port 5000 after 2029 ms: Couldn't connect to server (see https://curl.se/libcurl/c/libcurl-errors.html) for http://127.0.0.1:5000/embed"} 
[2026-07-13 19:20:11] local.ERROR: Embedding service embed error {"message":"cURL error 7: Failed to connect to 127.0.0.1 port 5000 after 2021 ms: Couldn't connect to server (see https://curl.se/libcurl/c/libcurl-errors.html) for http://127.0.0.1:5000/embed"} 
[2026-07-13 19:20:13] local.ERROR: Embedding service embed error {"message":"cURL error 7: Failed to connect to 127.0.0.1 port 5000 after 2012 ms: Couldn't connect to server (see https://curl.se/libcurl/c/libcurl-errors.html) for http://127.0.0.1:5000/embed"} 
[2026-07-13 19:20:15] local.ERROR: Embedding service embed error {"message":"cURL error 7: Failed to connect to 127.0.0.1 port 5000 after 2020 ms: Couldn't connect to server (see https://curl.se/libcurl/c/libcurl-errors.html) for http://127.0.0.1:5000/embed"} 
[2026-07-13 19:20:17] local.ERROR: Embedding service embed error {"message":"cURL error 7: Failed to connect to 127.0.0.1 port 5000 after 2020 ms: Couldn't connect to server (see https://curl.se/libcurl/c/libcurl-errors.html) for http://127.0.0.1:5000/embed"} 
[2026-07-13 19:20:19] local.ERROR: Embedding service embed error {"message":"cURL error 7: Failed to connect to 127.0.0.1 port 5000 after 2030 ms: Couldn't connect to server (see https://curl.se/libcurl/c/libcurl-errors.html) for http://127.0.0.1:5000/embed"} 
[2026-07-13 19:20:21] local.ERROR: Embedding service embed error {"message":"cURL error 7: Failed to connect to 127.0.0.1 port 5000 after 2022 ms: Couldn't connect to server (see https://curl.se/libcurl/c/libcurl-errors.html) for http://127.0.0.1:5000/embed"} 
[2026-07-13 19:20:23] local.ERROR: Embedding service embed error {"message":"cURL error 7: Failed to connect to 127.0.0.1 port 5000 after 2013 ms: Couldn't connect to server (see https://curl.se/libcurl/c/libcurl-errors.html) for http://127.0.0.1:5000/embed"} 
[2026-07-13 19:20:25] local.ERROR: Embedding service embed error {"message":"cURL error 7: Failed to connect to 127.0.0.1 port 5000 after 2025 ms: Couldn't connect to server (see https://curl.se/libcurl/c/libcurl-errors.html) for http://127.0.0.1:5000/embed"} 
[2026-07-13 19:20:27] local.ERROR: Embedding service embed error {"message":"cURL error 7: Failed to connect to 127.0.0.1 port 5000 after 2030 ms: Couldn't connect to server (see https://curl.se/libcurl/c/libcurl-errors.html) for http://127.0.0.1:5000/embed"} 
[2026-07-13 19:20:29] local.ERROR: Embedding service embed error {"message":"cURL error 7: Failed to connect to 127.0.0.1 port 5000 after 2018 ms: Couldn't connect to server (see https://curl.se/libcurl/c/libcurl-errors.html) for http://127.0.0.1:5000/embed"} 
[2026-07-13 19:20:31] local.ERROR: Embedding service embed error {"message":"cURL error 7: Failed to connect to 127.0.0.1 port 5000 after 2025 ms: Couldn't connect to server (see https://curl.se/libcurl/c/libcurl-errors.html) for http://127.0.0.1:5000/embed"} 
[2026-07-13 19:20:33] local.ERROR: Embedding service embed error {"message":"cURL error 7: Failed to connect to 127.0.0.1 port 5000 after 2031 ms: Couldn't connect to server (see https://curl.se/libcurl/c/libcurl-errors.html) for http://127.0.0.1:5000/embed"} 
[2026-07-13 19:20:35] local.ERROR: Embedding service embed error {"message":"cURL error 7: Failed to connect to 127.0.0.1 port 5000 after 2030 ms: Couldn't connect to server (see https://curl.se/libcurl/c/libcurl-errors.html) for http://127.0.0.1:5000/embed"} 
[2026-07-13 19:20:37] local.ERROR: Embedding service embed error {"message":"cURL error 7: Failed to connect to 127.0.0.1 port 5000 after 2015 ms: Couldn't connect to server (see https://curl.se/libcurl/c/libcurl-errors.html) for http://127.0.0.1:5000/embed"} 
[2026-07-13 19:20:39] local.ERROR: Embedding service embed error {"message":"cURL error 7: Failed to connect to 127.0.0.1 port 5000 after 2029 ms: Couldn't connect to server (see https://curl.se/libcurl/c/libcurl-errors.html) for http://127.0.0.1:5000/embed"} 
[2026-07-13 19:20:41] local.ERROR: Embedding service embed error {"message":"cURL error 7: Failed to connect to 127.0.0.1 port 5000 after 2011 ms: Couldn't connect to server (see https://curl.se/libcurl/c/libcurl-errors.html) for http://127.0.0.1:5000/embed"} 
[2026-07-13 19:20:43] local.ERROR: Embedding service embed error {"message":"cURL error 7: Failed to connect to 127.0.0.1 port 5000 after 2017 ms: Couldn't connect to server (see https://curl.se/libcurl/c/libcurl-errors.html) for http://127.0.0.1:5000/embed"} 
[2026-07-13 19:20:45] local.ERROR: Embedding service embed error {"message":"cURL error 7: Failed to connect to 127.0.0.1 port 5000 after 2035 ms: Couldn't connect to server (see https://curl.se/libcurl/c/libcurl-errors.html) for http://127.0.0.1:5000/embed"} 
[2026-07-13 19:20:47] local.ERROR: Embedding service embed error {"message":"cURL error 7: Failed to connect to 127.0.0.1 port 5000 after 2028 ms: Couldn't connect to server (see https://curl.se/libcurl/c/libcurl-errors.html) for http://127.0.0.1:5000/embed"} 
[2026-07-13 19:20:49] local.ERROR: Embedding service embed error {"message":"cURL error 7: Failed to connect to 127.0.0.1 port 5000 after 2031 ms: Couldn't connect to server (see https://curl.se/libcurl/c/libcurl-errors.html) for http://127.0.0.1:5000/embed"} 
[2026-07-13 19:20:51] local.ERROR: Embedding service embed error {"message":"cURL error 7: Failed to connect to 127.0.0.1 port 5000 after 2027 ms: Couldn't connect to server (see https://curl.se/libcurl/c/libcurl-errors.html) for http://127.0.0.1:5000/embed"} 
[2026-07-13 19:21:06] local.ERROR: Embedding service embed error {"message":"cURL error 7: Failed to connect to 127.0.0.1 port 5000 after 2016 ms: Couldn't connect to server (see https://curl.se/libcurl/c/libcurl-errors.html) for http://127.0.0.1:5000/embed"} 
[2026-07-13 19:21:08] local.ERROR: Embedding service embed error {"message":"cURL error 7: Failed to connect to 127.0.0.1 port 5000 after 2024 ms: Couldn't connect to server (see https://curl.se/libcurl/c/libcurl-errors.html) for http://127.0.0.1:5000/embed"} 
[2026-07-13 19:21:10] local.ERROR: Embedding service embed error {"message":"cURL error 7: Failed to connect to 127.0.0.1 port 5000 after 2029 ms: Couldn't connect to server (see https://curl.se/libcurl/c/libcurl-errors.html) for http://127.0.0.1:5000/embed"} 
[2026-07-13 19:21:12] local.ERROR: Embedding service embed error {"message":"cURL error 7: Failed to connect to 127.0.0.1 port 5000 after 2034 ms: Couldn't connect to server (see https://curl.se/libcurl/c/libcurl-errors.html) for http://127.0.0.1:5000/embed"} 
[2026-07-13 19:21:14] local.ERROR: Embedding service embed error {"message":"cURL error 7: Failed to connect to 127.0.0.1 port 5000 after 2030 ms: Couldn't connect to server (see https://curl.se/libcurl/c/libcurl-errors.html) for http://127.0.0.1:5000/embed"} 
[2026-07-13 19:21:16] local.ERROR: Embedding service embed error {"message":"cURL error 7: Failed to connect to 127.0.0.1 port 5000 after 2029 ms: Couldn't connect to server (see https://curl.se/libcurl/c/libcurl-errors.html) for http://127.0.0.1:5000/embed"} 
[2026-07-13 19:21:18] local.ERROR: Embedding service embed error {"message":"cURL error 7: Failed to connect to 127.0.0.1 port 5000 after 2029 ms: Couldn't connect to server (see https://curl.se/libcurl/c/libcurl-errors.html) for http://127.0.0.1:5000/embed"} 
[2026-07-13 19:21:20] local.ERROR: Embedding service embed error {"message":"cURL error 7: Failed to connect to 127.0.0.1 port 5000 after 2032 ms: Couldn't connect to server (see https://curl.se/libcurl/c/libcurl-errors.html) for http://127.0.0.1:5000/embed"} 
[2026-07-13 19:21:22] local.ERROR: Embedding service embed error {"message":"cURL error 7: Failed to connect to 127.0.0.1 port 5000 after 2028 ms: Couldn't connect to server (see https://curl.se/libcurl/c/libcurl-errors.html) for http://127.0.0.1:5000/embed"} 
[2026-07-13 19:21:24] local.ERROR: Embedding service embed error {"message":"cURL error 7: Failed to connect to 127.0.0.1 port 5000 after 2025 ms: Couldn't connect to server (see https://curl.se/libcurl/c/libcurl-errors.html) for http://127.0.0.1:5000/embed"} 
[2026-07-13 19:21:27] local.ERROR: Embedding service embed error {"message":"cURL error 7: Failed to connect to 127.0.0.1 port 5000 after 2025 ms: Couldn't connect to server (see https://curl.se/libcurl/c/libcurl-errors.html) for http://127.0.0.1:5000/embed"} 
[2026-07-13 19:21:29] local.ERROR: Embedding service embed error {"message":"cURL error 7: Failed to connect to 127.0.0.1 port 5000 after 2024 ms: Couldn't connect to server (see https://curl.se/libcurl/c/libcurl-errors.html) for http://127.0.0.1:5000/embed"} 
[2026-07-13 19:21:31] local.ERROR: Embedding service embed error {"message":"cURL error 7: Failed to connect to 127.0.0.1 port 5000 after 2038 ms: Couldn't connect to server (see https://curl.se/libcurl/c/libcurl-errors.html) for http://127.0.0.1:5000/embed"} 
[2026-07-13 19:21:33] local.ERROR: Embedding service embed error {"message":"cURL error 7: Failed to connect to 127.0.0.1 port 5000 after 2012 ms: Couldn't connect to server (see https://curl.se/libcurl/c/libcurl-errors.html) for http://127.0.0.1:5000/embed"} 
[2026-07-13 19:21:35] local.ERROR: Embedding service embed error {"message":"cURL error 7: Failed to connect to 127.0.0.1 port 5000 after 2021 ms: Couldn't connect to server (see https://curl.se/libcurl/c/libcurl-errors.html) for http://127.0.0.1:5000/embed"} 
[2026-07-13 19:21:37] local.ERROR: Embedding service embed error {"message":"cURL error 7: Failed to connect to 127.0.0.1 port 5000 after 2029 ms: Couldn't connect to server (see https://curl.se/libcurl/c/libcurl-errors.html) for http://127.0.0.1:5000/embed"} 
[2026-07-13 19:21:39] local.ERROR: Embedding service embed error {"message":"cURL error 7: Failed to connect to 127.0.0.1 port 5000 after 2030 ms: Couldn't connect to server (see https://curl.se/libcurl/c/libcurl-errors.html) for http://127.0.0.1:5000/embed"} 
[2026-07-13 19:21:41] local.ERROR: Embedding service embed error {"message":"cURL error 7: Failed to connect to 127.0.0.1 port 5000 after 2029 ms: Couldn't connect to server (see https://curl.se/libcurl/c/libcurl-errors.html) for http://127.0.0.1:5000/embed"} 
[2026-07-13 19:21:43] local.ERROR: Embedding service embed error {"message":"cURL error 7: Failed to connect to 127.0.0.1 port 5000 after 2021 ms: Couldn't connect to server (see https://curl.se/libcurl/c/libcurl-errors.html) for http://127.0.0.1:5000/embed"} 
[2026-07-13 19:21:45] local.ERROR: Embedding service embed error {"message":"cURL error 7: Failed to connect to 127.0.0.1 port 5000 after 2024 ms: Couldn't connect to server (see https://curl.se/libcurl/c/libcurl-errors.html) for http://127.0.0.1:5000/embed"} 
[2026-07-13 19:21:47] local.ERROR: Embedding service embed error {"message":"cURL error 7: Failed to connect to 127.0.0.1 port 5000 after 2021 ms: Couldn't connect to server (see https://curl.se/libcurl/c/libcurl-errors.html) for http://127.0.0.1:5000/embed"} 
[2026-07-13 19:21:49] local.ERROR: Embedding service embed error {"message":"cURL error 7: Failed to connect to 127.0.0.1 port 5000 after 2015 ms: Couldn't connect to server (see https://curl.se/libcurl/c/libcurl-errors.html) for http://127.0.0.1:5000/embed"} 
[2026-07-13 19:21:51] local.ERROR: Embedding service embed error {"message":"cURL error 7: Failed to connect to 127.0.0.1 port 5000 after 2035 ms: Couldn't connect to server (see https://curl.se/libcurl/c/libcurl-errors.html) for http://127.0.0.1:5000/embed"} 
[2026-07-13 19:21:53] local.ERROR: Embedding service embed error {"message":"cURL error 7: Failed to connect to 127.0.0.1 port 5000 after 2027 ms: Couldn't connect to server (see https://curl.se/libcurl/c/libcurl-errors.html) for http://127.0.0.1:5000/embed"} 
[2026-07-13 19:21:55] local.ERROR: Embedding service embed error {"message":"cURL error 7: Failed to connect to 127.0.0.1 port 5000 after 2042 ms: Couldn't connect to server (see https://curl.se/libcurl/c/libcurl-errors.html) for http://127.0.0.1:5000/embed"} 
[2026-07-13 19:21:57] local.ERROR: Embedding service embed error {"message":"cURL error 7: Failed to connect to 127.0.0.1 port 5000 after 2021 ms: Couldn't connect to server (see https://curl.se/libcurl/c/libcurl-errors.html) for http://127.0.0.1:5000/embed"} 
[2026-07-13 19:21:59] local.ERROR: Embedding service embed error {"message":"cURL error 7: Failed to connect to 127.0.0.1 port 5000 after 2018 ms: Couldn't connect to server (see https://curl.se/libcurl/c/libcurl-errors.html) for http://127.0.0.1:5000/embed"} 
